<?xml version="1.0" encoding="UTF-8"?>
<testsuite name="BasicTest" tests="1" skipped="0" failures="0" errors="0" timestamp="2020-05-23T07:52:50" hostname="pop-os" time="1.115">
  <properties/>
  <testcase name="fuck" classname="BasicTest" time="1.115"/>
  <system-out><![CDATA[Start Framework Browser Tests
Importing Gecko Driver (if this fails you may need to change the path in the code)
Connecting Selenium WebDriver to Moqui through http (this may also have to be changed to wherever Moqui is being ran)
Framework Browser Tests Successful!
]]></system-out>
  <system-err><![CDATA[1590220366139	mozrunner::runner	INFO	Running command: "/usr/lib/firefox/firefox" "-marionette" "-foreground" "-no-remote" "-profile" "/tmp/rust_mozprofileC8cWSE"
1590220366514	addons.webextension.doh-rollout@mozilla.org	WARN	Loading extension 'doh-rollout@mozilla.org': Reading manifest: Invalid extension permission: networkStatus
1590220367012	addons.webextension.screenshots@mozilla.org	WARN	Loading extension 'screenshots@mozilla.org': Reading manifest: Invalid extension permission: mozillaAddons
1590220367012	addons.webextension.screenshots@mozilla.org	WARN	Loading extension 'screenshots@mozilla.org': Reading manifest: Invalid extension permission: telemetry
1590220367012	addons.webextension.screenshots@mozilla.org	WARN	Loading extension 'screenshots@mozilla.org': Reading manifest: Invalid extension permission: resource://pdf.js/
1590220367013	addons.webextension.screenshots@mozilla.org	WARN	Loading extension 'screenshots@mozilla.org': Reading manifest: Invalid extension permission: about:reader*
1590220368970	Marionette	INFO	Listening on port 41059
1590220369052	Marionette	WARN	TLS certificate errors will be ignored for this session
May 23, 2020 1:52:49 AM org.openqa.selenium.remote.ProtocolHandshake createSession
INFO: Detected dialect: W3C
1590220371390	Marionette	INFO	Stopped listening on port 41059
1590220371787	Marionette	WARN	TimedPromise timed out after 500 ms: stacktrace:
TimedPromise/<@chrome://marionette/content/sync.js:245:13
TimedPromise@chrome://marionette/content/sync.js:230:10
interaction.flushEventLoop@chrome://marionette/content/interaction.js:416:10
webdriverClickElement@chrome://marionette/content/interaction.js:182:31
]]></system-err>
</testsuite>
