<?xml version="1.0" encoding="UTF-8"?>
<testsuite name="KatalonGroovyGenerator" tests="1" skipped="0" failures="0" errors="0" timestamp="2020-06-02T04:49:04" hostname="pop-os" time="0.83">
  <properties/>
  <testcase name="first test" classname="KatalonGroovyGenerator" time="0.83"/>
  <system-out><![CDATA[Start Framework Browser Tests
	Importing Gecko Driver (if this fails you may need to change the path in the code)
finishedBrowser Tests Done!
]]></system-out>
  <system-err><![CDATA[1591073342531	mozrunner::runner	INFO	Running command: "/usr/lib/firefox/firefox" "-marionette" "-foreground" "-no-remote" "-profile" "/tmp/rust_mozprofileSVnzMT"
1591073342783	addons.webextension.doh-rollout@mozilla.org	WARN	Loading extension 'doh-rollout@mozilla.org': Reading manifest: Invalid extension permission: networkStatus
1591073343026	addons.webextension.screenshots@mozilla.org	WARN	Loading extension 'screenshots@mozilla.org': Reading manifest: Invalid extension permission: mozillaAddons
1591073343026	addons.webextension.screenshots@mozilla.org	WARN	Loading extension 'screenshots@mozilla.org': Reading manifest: Invalid extension permission: telemetry
1591073343026	addons.webextension.screenshots@mozilla.org	WARN	Loading extension 'screenshots@mozilla.org': Reading manifest: Invalid extension permission: resource://pdf.js/
1591073343027	addons.webextension.screenshots@mozilla.org	WARN	Loading extension 'screenshots@mozilla.org': Reading manifest: Invalid extension permission: about:reader*
1591073344222	Marionette	INFO	Listening on port 44759
1591073344235	Marionette	WARN	TLS certificate errors will be ignored for this session
Jun 01, 2020 10:49:04 PM org.openqa.selenium.remote.ProtocolHandshake createSession
INFO: Detected dialect: W3C
1591073345191	Marionette	INFO	Stopped listening on port 44759
]]></system-err>
</testsuite>
